<?xml version="1.0" encoding="UTF-8" standalone="yes"?><!DOCTYPE report PUBLIC "-//JACOCO//DTD Report 1.0//EN" "report.dtd"><report name="Mini-project Programming Project"><sessioninfo id="LAPTOP-213V86TK-364f9d3a" start="1572993314341" dump="1572993315515"/><sessioninfo id="LAPTOP-213V86TK-7f5c8e3e" start="1573080881734" dump="1573080883244"/><sessioninfo id="LAPTOP-213V86TK-5a821a6f" start="1573080937451" dump="1573080938744"/><sessioninfo id="LAPTOP-213V86TK-d3bffe49" start="1573146877253" dump="1573146878625"/><sessioninfo id="LAPTOP-213V86TK-c0560946" start="1573147128016" dump="1573147129494"/><sessioninfo id="gobi.local-5a5edfe2" start="1573148157141" dump="1573148158834"/><sessioninfo id="gobi.local-9649a86" start="1573148185227" dump="1573148188943"/><sessioninfo id="gobi.local-ffa15416" start="1573148256152" dump="1573148257730"/><sessioninfo id="gobi.local-75b77ffb" start="1573149424101" dump="1573149425956"/><sessioninfo id="gobi.local-68968a14" start="1573151677298" dump="1573151678922"/><sessioninfo id="gobi.local-9db3fab8" start="1573151844100" dump="1573151845935"/><sessioninfo id="gobi.local-9beb5ed2" start="1573152044597" dump="1573152046162"/><sessioninfo id="gobi.local-8d83fdda" start="1573152076709" dump="1573152078444"/><sessioninfo id="gobi.local-b7e7bbb" start="1573152523132" dump="1573152524751"/><sessioninfo id="gobi.local-6c307d08" start="1573152541648" dump="1573152543395"/><sessioninfo id="gobi.local-547b92c7" start="1573152642962" dump="1573152644790"/><sessioninfo id="gobi.local-c44268f5" start="1573153833376" dump="1573153834926"/><sessioninfo id="gobi.local-22e036fe" start="1573153938982" dump="1573153940672"/><sessioninfo id="gobi.local-e6102f87" start="1573154291304" dump="1573154293111"/><sessioninfo id="gobi.local-188b505b" start="1573154316874" dump="1573154318548"/><sessioninfo id="gobi.local-ffab4a53" start="1573154411437" dump="1573154413126"/><sessioninfo id="gobi.local-824c62b0" start="1573154477544" dump="1573154479241"/><sessioninfo id="gobi.local-630704c4" start="1573154500928" dump="1573154502554"/><sessioninfo id="gobi.local-b8a780ad" start="1573154565631" dump="1573154567925"/><sessioninfo id="LAPTOP-213V86TK-f5c2d26b" start="1573155133538" dump="1573155135187"/><sessioninfo id="LAPTOP-213V86TK-55324882" start="1573164361753" dump="1573164363451"/><sessioninfo id="LAPTOP-213V86TK-e87457de" start="1573164748165" dump="1573164750451"/><sessioninfo id="LAPTOP-213V86TK-4b730e29" start="1573165277251" dump="1573165279166"/><sessioninfo id="LAPTOP-213V86TK-43ec4131" start="1573167645270" dump="1573167647260"/><sessioninfo id="LAPTOP-213V86TK-58e564cd" start="1573169492166" dump="1573169494424"/><sessioninfo id="LAPTOP-213V86TK-ab3dacc3" start="1573169878011" dump="1573169879780"/><sessioninfo id="LAPTOP-213V86TK-27ace96d" start="1573170080870" dump="1573170083217"/><sessioninfo id="LAPTOP-213V86TK-95fc30a7" start="1573170800884" dump="1573170802534"/><sessioninfo id="LAPTOP-213V86TK-a7b62aa0" start="1573170979734" dump="1573170981480"/><sessioninfo id="LAPTOP-213V86TK-20d21844" start="1573171189311" dump="1573171191094"/><sessioninfo id="LAPTOP-213V86TK-cbea377" start="1573171291718" dump="1573171293345"/><sessioninfo id="LAPTOP-213V86TK-82e90fe1" start="1573171610371" dump="1573171612396"/><sessioninfo id="LAPTOP-213V86TK-50eff0b4" start="1573172172528" dump="1573172174164"/><sessioninfo id="LAPTOP-213V86TK-6ac9ae94" start="1573173020116" dump="1573173021808"/><sessioninfo id="LAPTOP-213V86TK-ebda418b" start="1573173746276" dump="1573173748013"/><sessioninfo id="LAPTOP-213V86TK-303fc96" start="1573173999872" dump="1573174002054"/><sessioninfo id="LAPTOP-213V86TK-6b23563c" start="1573174783727" dump="1573174785921"/><sessioninfo id="Gobi.home-91e5a775" start="1573213436019" dump="1573213438361"/><sessioninfo id="Gobi.home-d5cdfcc" start="1573218146813" dump="1573218148468"/><sessioninfo id="Gobi.home-24294518" start="1573218214859" dump="1573218216562"/><sessioninfo id="Gobi.home-1a1d82ba" start="1573218602089" dump="1573218603630"/><sessioninfo id="Gobi.home-148a284e" start="1573218910063" dump="1573218911737"/><sessioninfo id="Gobi.home-62abc2e3" start="1573219286555" dump="1573219288189"/><sessioninfo id="Gobi.home-c31fb595" start="1573220243294" dump="1573220245010"/><sessioninfo id="Gobi.home-eb0c87fc" start="1573220442722" dump="1573220444402"/><sessioninfo id="Gobi.home-d19a48c1" start="1573220679062" dump="1573220681382"/><sessioninfo id="Gobi.home-e005ecc7" start="1573221203256" dump="1573221205080"/><sessioninfo id="Gobi.home-6023f575" start="1573221301667" dump="1573221303121"/><sessioninfo id="Gobi.home-857591fc" start="1573221316908" dump="1573221318740"/><sessioninfo id="Gobi.home-7ebc4a22" start="1573222340918" dump="1573222342772"/><sessioninfo id="Gobi.home-f6351d5f" start="1573222498420" dump="1573222500246"/><sessioninfo id="Gobi.home-6c3a4a80" start="1573222509731" dump="1573222511368"/><sessioninfo id="Gobi.home-de272795" start="1573222618942" dump="1573222620560"/><package name="es/upm/pproject/myproject"><class name="es/upm/pproject/myproject/UniversityManager"><method name="&lt;init&gt;" desc="()V" line="5"><counter type="INSTRUCTION" missed="0" covered="25"/><counter type="LINE" missed="0" covered="5"/><counter type="COMPLEXITY" missed="0" covered="1"/><counter type="METHOD" missed="0" covered="1"/></method><method name="registerStudent" desc="(Les/upm/pproject/myproject/Student;)V" line="16"><counter type="INSTRUCTION" missed="0" covered="12"/><counter type="BRANCH" missed="0" covered="2"/><counter type="LINE" missed="0" covered="3"/><counter type="COMPLEXITY" missed="0" covered="2"/><counter type="METHOD" missed="0" covered="1"/></method><method name="addStudentToCourse" desc="(Les/upm/pproject/myproject/Student;Les/upm/pproject/myproject/Course;)V" line="22"><counter type="INSTRUCTION" missed="0" covered="48"/><counter type="BRANCH" missed="0" covered="8"/><counter type="LINE" missed="0" covered="9"/><counter type="COMPLEXITY" missed="0" covered="5"/><counter type="METHOD" missed="0" covered="1"/></method><method name="removeStudentFromCourse" desc="(Les/upm/pproject/myproject/Student;Les/upm/pproject/myproject/Course;)V" line="37"><counter type="INSTRUCTION" missed="0" covered="35"/><counter type="BRANCH" missed="0" covered="6"/><counter type="LINE" missed="0" covered="5"/><counter type="COMPLEXITY" missed="0" covered="4"/><counter type="METHOD" missed="0" covered="1"/></method><method name="registerCourse" desc="(Les/upm/pproject/myproject/Course;)V" line="48"><counter type="INSTRUCTION" missed="0" covered="12"/><counter type="BRANCH" missed="0" covered="2"/><counter type="LINE" missed="0" covered="3"/><counter type="COMPLEXITY" missed="0" covered="2"/><counter type="METHOD" missed="0" covered="1"/></method><method name="matriculatedStudents" desc="(Ljava/lang/Integer;)Ljava/util/List;" line="54"><counter type="INSTRUCTION" missed="1" covered="36"/><counter type="BRANCH" missed="1" covered="5"/><counter type="LINE" missed="1" covered="8"/><counter type="COMPLEXITY" missed="1" covered="3"/><counter type="METHOD" missed="0" covered="1"/></method><method name="cancelCourse" desc="(Les/upm/pproject/myproject/Course;)V" line="69"><counter type="INSTRUCTION" missed="4" covered="14"/><counter type="BRANCH" missed="1" covered="1"/><counter type="LINE" missed="0" covered="4"/><counter type="COMPLEXITY" missed="1" covered="1"/><counter type="METHOD" missed="0" covered="1"/></method><method name="allUsersSorted" desc="()Ljava/util/List;" line="80"><counter type="INSTRUCTION" missed="0" covered="13"/><counter type="LINE" missed="0" covered="3"/><counter type="COMPLEXITY" missed="0" covered="1"/><counter type="METHOD" missed="0" covered="1"/></method><method name="allCoursesSorted" desc="()Ljava/util/List;" line="87"><counter type="INSTRUCTION" missed="13" covered="0"/><counter type="LINE" missed="3" covered="0"/><counter type="COMPLEXITY" missed="1" covered="0"/><counter type="METHOD" missed="1" covered="0"/></method><method name="sort" desc="(Ljava/util/ArrayList;Ljava/util/Comparator;)V" line="96"><counter type="INSTRUCTION" missed="0" covered="4"/><counter type="LINE" missed="0" covered="2"/><counter type="COMPLEXITY" missed="0" covered="1"/><counter type="METHOD" missed="0" covered="1"/></method><counter type="INSTRUCTION" missed="18" covered="199"/><counter type="BRANCH" missed="2" covered="24"/><counter type="LINE" missed="4" covered="42"/><counter type="COMPLEXITY" missed="3" covered="20"/><counter type="METHOD" missed="1" covered="9"/><counter type="CLASS" missed="0" covered="1"/></class><class name="es/upm/pproject/myproject/Student"><method name="&lt;init&gt;" desc="(Ljava/lang/Integer;Ljava/lang/String;Ljava/lang/String;)V" line="9"><counter type="INSTRUCTION" missed="0" covered="30"/><counter type="BRANCH" missed="0" covered="6"/><counter type="LINE" missed="0" covered="7"/><counter type="COMPLEXITY" missed="0" covered="4"/><counter type="METHOD" missed="0" covered="1"/></method><method name="check" desc="(Ljava/lang/String;)Z" line="19"><counter type="INSTRUCTION" missed="0" covered="33"/><counter type="BRANCH" missed="0" covered="8"/><counter type="LINE" missed="0" covered="6"/><counter type="COMPLEXITY" missed="0" covered="5"/><counter type="METHOD" missed="0" covered="1"/></method><counter type="INSTRUCTION" missed="0" covered="63"/><counter type="BRANCH" missed="0" covered="14"/><counter type="LINE" missed="0" covered="13"/><counter type="COMPLEXITY" missed="0" covered="9"/><counter type="METHOD" missed="0" covered="2"/><counter type="CLASS" missed="0" covered="1"/></class><class name="es/upm/pproject/myproject/UniversityManager$2"><method name="&lt;init&gt;" desc="(Les/upm/pproject/myproject/UniversityManager;)V" line="105"><counter type="INSTRUCTION" missed="0" covered="6"/><counter type="LINE" missed="0" covered="1"/><counter type="COMPLEXITY" missed="0" covered="1"/><counter type="METHOD" missed="0" covered="1"/></method><method name="compare" desc="(Les/upm/pproject/myproject/Course;Les/upm/pproject/myproject/Course;)I" line="107"><counter type="INSTRUCTION" missed="8" covered="0"/><counter type="LINE" missed="1" covered="0"/><counter type="COMPLEXITY" missed="1" covered="0"/><counter type="METHOD" missed="1" covered="0"/></method><counter type="INSTRUCTION" missed="8" covered="6"/><counter type="LINE" missed="1" covered="1"/><counter type="COMPLEXITY" missed="1" covered="1"/><counter type="METHOD" missed="1" covered="1"/><counter type="CLASS" missed="0" covered="1"/></class><class name="es/upm/pproject/myproject/DataNotFilledException"><method name="&lt;init&gt;" desc="()V" line="3"><counter type="INSTRUCTION" missed="0" covered="3"/><counter type="LINE" missed="0" covered="1"/><counter type="COMPLEXITY" missed="0" covered="1"/><counter type="METHOD" missed="0" covered="1"/></method><counter type="INSTRUCTION" missed="0" covered="3"/><counter type="LINE" missed="0" covered="1"/><counter type="COMPLEXITY" missed="0" covered="1"/><counter type="METHOD" missed="0" covered="1"/><counter type="CLASS" missed="0" covered="1"/></class><class name="es/upm/pproject/myproject/StudentNotFoundException"><method name="&lt;init&gt;" desc="()V" line="3"><counter type="INSTRUCTION" missed="0" covered="3"/><counter type="LINE" missed="0" covered="1"/><counter type="COMPLEXITY" missed="0" covered="1"/><counter type="METHOD" missed="0" covered="1"/></method><counter type="INSTRUCTION" missed="0" covered="3"/><counter type="LINE" missed="0" covered="1"/><counter type="COMPLEXITY" missed="0" covered="1"/><counter type="METHOD" missed="0" covered="1"/><counter type="CLASS" missed="0" covered="1"/></class><class name="es/upm/pproject/myproject/CourseNotFoundException"><method name="&lt;init&gt;" desc="()V" line="3"><counter type="INSTRUCTION" missed="0" covered="3"/><counter type="LINE" missed="0" covered="1"/><counter type="COMPLEXITY" missed="0" covered="1"/><counter type="METHOD" missed="0" covered="1"/></method><counter type="INSTRUCTION" missed="0" covered="3"/><counter type="LINE" missed="0" covered="1"/><counter type="COMPLEXITY" missed="0" covered="1"/><counter type="METHOD" missed="0" covered="1"/><counter type="CLASS" missed="0" covered="1"/></class><class name="es/upm/pproject/myproject/UniversityManager$1"><method name="&lt;init&gt;" desc="(Les/upm/pproject/myproject/UniversityManager;)V" line="99"><counter type="INSTRUCTION" missed="0" covered="6"/><counter type="LINE" missed="0" covered="1"/><counter type="COMPLEXITY" missed="0" covered="1"/><counter type="METHOD" missed="0" covered="1"/></method><method name="compare" desc="(Les/upm/pproject/myproject/Student;Les/upm/pproject/myproject/Student;)I" line="101"><counter type="INSTRUCTION" missed="0" covered="6"/><counter type="LINE" missed="0" covered="1"/><counter type="COMPLEXITY" missed="0" covered="1"/><counter type="METHOD" missed="0" covered="1"/></method><counter type="INSTRUCTION" missed="0" covered="12"/><counter type="LINE" missed="0" covered="2"/><counter type="COMPLEXITY" missed="0" covered="2"/><counter type="METHOD" missed="0" covered="2"/><counter type="CLASS" missed="0" covered="1"/></class><class name="es/upm/pproject/myproject/StudentInCourseException"><method name="&lt;init&gt;" desc="()V" line="3"><counter type="INSTRUCTION" missed="0" covered="3"/><counter type="LINE" missed="0" covered="1"/><counter type="COMPLEXITY" missed="0" covered="1"/><counter type="METHOD" missed="0" covered="1"/></method><counter type="INSTRUCTION" missed="0" covered="3"/><counter type="LINE" missed="0" covered="1"/><counter type="COMPLEXITY" missed="0" covered="1"/><counter type="METHOD" missed="0" covered="1"/><counter type="CLASS" missed="0" covered="1"/></class><class name="es/upm/pproject/myproject/Course"><method name="&lt;init&gt;" desc="(Ljava/lang/Integer;Ljava/lang/String;Ljava/lang/String;)V" line="11"><counter type="INSTRUCTION" missed="0" covered="32"/><counter type="BRANCH" missed="0" covered="6"/><counter type="LINE" missed="0" covered="8"/><counter type="COMPLEXITY" missed="0" covered="4"/><counter type="METHOD" missed="0" covered="1"/></method><counter type="INSTRUCTION" missed="0" covered="32"/><counter type="BRANCH" missed="0" covered="6"/><counter type="LINE" missed="0" covered="8"/><counter type="COMPLEXITY" missed="0" covered="4"/><counter type="METHOD" missed="0" covered="1"/><counter type="CLASS" missed="0" covered="1"/></class><class name="es/upm/pproject/myproject/InvalidEmailException"><method name="&lt;init&gt;" desc="()V" line="3"><counter type="INSTRUCTION" missed="0" covered="3"/><counter type="LINE" missed="0" covered="1"/><counter type="COMPLEXITY" missed="0" covered="1"/><counter type="METHOD" missed="0" covered="1"/></method><counter type="INSTRUCTION" missed="0" covered="3"/><counter type="LINE" missed="0" covered="1"/><counter type="COMPLEXITY" missed="0" covered="1"/><counter type="METHOD" missed="0" covered="1"/><counter type="CLASS" missed="0" covered="1"/></class><class name="es/upm/pproject/myproject/CourseFullException"><method name="&lt;init&gt;" desc="()V" line="3"><counter type="INSTRUCTION" missed="0" covered="3"/><counter type="LINE" missed="0" covered="1"/><counter type="COMPLEXITY" missed="0" covered="1"/><counter type="METHOD" missed="0" covered="1"/></method><counter type="INSTRUCTION" missed="0" covered="3"/><counter type="LINE" missed="0" covered="1"/><counter type="COMPLEXITY" missed="0" covered="1"/><counter type="METHOD" missed="0" covered="1"/><counter type="CLASS" missed="0" covered="1"/></class><sourcefile name="CourseNotFoundException.java"><line nr="3" mi="0" ci="3" mb="0" cb="0"/><counter type="INSTRUCTION" missed="0" covered="3"/><counter type="LINE" missed="0" covered="1"/><counter type="COMPLEXITY" missed="0" covered="1"/><counter type="METHOD" missed="0" covered="1"/><counter type="CLASS" missed="0" covered="1"/></sourcefile><sourcefile name="UniversityManager.java"><line nr="5" mi="0" ci="2" mb="0" cb="0"/><line nr="9" mi="0" ci="5" mb="0" cb="0"/><line nr="10" mi="0" ci="5" mb="0" cb="0"/><line nr="16" mi="0" ci="6" mb="0" cb="2"/><line nr="17" mi="0" ci="5" mb="0" cb="0"/><line nr="18" mi="0" ci="1" mb="0" cb="0"/><line nr="22" mi="0" ci="9" mb="0" cb="2"/><line nr="23" mi="0" ci="9" mb="0" cb="2"/><line nr="25" mi="0" ci="4" mb="0" cb="2"/><line nr="26" mi="0" ci="5" mb="0" cb="2"/><line nr="27" mi="0" ci="5" mb="0" cb="0"/><line nr="28" mi="0" ci="7" mb="0" cb="0"/><line nr="30" mi="0" ci="4" mb="0" cb="0"/><line nr="32" mi="0" ci="4" mb="0" cb="0"/><line nr="33" mi="0" ci="1" mb="0" cb="0"/><line nr="37" mi="0" ci="9" mb="0" cb="2"/><line nr="38" mi="0" ci="14" mb="0" cb="4"/><line nr="40" mi="0" ci="5" mb="0" cb="0"/><line nr="41" mi="0" ci="6" mb="0" cb="0"/><line nr="42" mi="0" ci="1" mb="0" cb="0"/><line nr="48" mi="0" ci="6" mb="0" cb="2"/><line nr="49" mi="0" ci="5" mb="0" cb="0"/><line nr="50" mi="0" ci="1" mb="0" cb="0"/><line nr="54" mi="0" ci="2" mb="0" cb="0"/><line nr="57" mi="0" ci="11" mb="0" cb="2"/><line nr="58" mi="0" ci="5" mb="1" cb="1"/><line nr="59" mi="0" ci="2" mb="0" cb="0"/><line nr="60" mi="0" ci="1" mb="0" cb="0"/><line nr="62" mi="1" ci="0" mb="0" cb="0"/><line nr="63" mi="0" ci="6" mb="0" cb="2"/><line nr="64" mi="0" ci="6" mb="0" cb="0"/><line nr="65" mi="0" ci="3" mb="0" cb="0"/><line nr="69" mi="4" ci="5" mb="1" cb="1"/><line nr="71" mi="0" ci="5" mb="0" cb="0"/><line nr="72" mi="0" ci="3" mb="0" cb="0"/><line nr="73" mi="0" ci="1" mb="0" cb="0"/><line nr="80" mi="0" ci="6" mb="0" cb="0"/><line nr="81" mi="0" ci="5" mb="0" cb="0"/><line nr="82" mi="0" ci="2" mb="0" cb="0"/><line nr="87" mi="6" ci="0" mb="0" cb="0"/><line nr="88" mi="5" ci="0" mb="0" cb="0"/><line nr="89" mi="2" ci="0" mb="0" cb="0"/><line nr="96" mi="0" ci="3" mb="0" cb="0"/><line nr="97" mi="0" ci="1" mb="0" cb="0"/><line nr="99" mi="0" ci="12" mb="0" cb="0"/><line nr="101" mi="0" ci="6" mb="0" cb="0"/><line nr="105" mi="0" ci="13" mb="0" cb="0"/><line nr="107" mi="8" ci="0" mb="0" cb="0"/><counter type="INSTRUCTION" missed="26" covered="217"/><counter type="BRANCH" missed="2" covered="24"/><counter type="LINE" missed="5" covered="43"/><counter type="COMPLEXITY" missed="4" covered="23"/><counter type="METHOD" missed="2" covered="12"/><counter type="CLASS" missed="0" covered="3"/></sourcefile><sourcefile name="Course.java"><line nr="11" mi="0" ci="5" mb="0" cb="0"/><line nr="13" mi="0" ci="2" mb="0" cb="0"/><line nr="14" mi="0" ci="12" mb="0" cb="6"/><line nr="16" mi="0" ci="3" mb="0" cb="0"/><line nr="17" mi="0" ci="3" mb="0" cb="0"/><line nr="18" mi="0" ci="3" mb="0" cb="0"/><line nr="19" mi="0" ci="3" mb="0" cb="0"/><line nr="20" mi="0" ci="1" mb="0" cb="0"/><counter type="INSTRUCTION" missed="0" covered="32"/><counter type="BRANCH" missed="0" covered="6"/><counter type="LINE" missed="0" covered="8"/><counter type="COMPLEXITY" missed="0" covered="4"/><counter type="METHOD" missed="0" covered="1"/><counter type="CLASS" missed="0" covered="1"/></sourcefile><sourcefile name="DataNotFilledException.java"><line nr="3" mi="0" ci="3" mb="0" cb="0"/><counter type="INSTRUCTION" missed="0" covered="3"/><counter type="LINE" missed="0" covered="1"/><counter type="COMPLEXITY" missed="0" covered="1"/><counter type="METHOD" missed="0" covered="1"/><counter type="CLASS" missed="0" covered="1"/></sourcefile><sourcefile name="CourseFullException.java"><line nr="3" mi="0" ci="3" mb="0" cb="0"/><counter type="INSTRUCTION" missed="0" covered="3"/><counter type="LINE" missed="0" covered="1"/><counter type="COMPLEXITY" missed="0" covered="1"/><counter type="METHOD" missed="0" covered="1"/><counter type="CLASS" missed="0" covered="1"/></sourcefile><sourcefile name="StudentNotFoundException.java"><line nr="3" mi="0" ci="3" mb="0" cb="0"/><counter type="INSTRUCTION" missed="0" covered="3"/><counter type="LINE" missed="0" covered="1"/><counter type="COMPLEXITY" missed="0" covered="1"/><counter type="METHOD" missed="0" covered="1"/><counter type="CLASS" missed="0" covered="1"/></sourcefile><sourcefile name="StudentInCourseException.java"><line nr="3" mi="0" ci="3" mb="0" cb="0"/><counter type="INSTRUCTION" missed="0" covered="3"/><counter type="LINE" missed="0" covered="1"/><counter type="COMPLEXITY" missed="0" covered="1"/><counter type="METHOD" missed="0" covered="1"/><counter type="CLASS" missed="0" covered="1"/></sourcefile><sourcefile name="InvalidEmailException.java"><line nr="3" mi="0" ci="3" mb="0" cb="0"/><counter type="INSTRUCTION" missed="0" covered="3"/><counter type="LINE" missed="0" covered="1"/><counter type="COMPLEXITY" missed="0" covered="1"/><counter type="METHOD" missed="0" covered="1"/><counter type="CLASS" missed="0" covered="1"/></sourcefile><sourcefile name="Student.java"><line nr="9" mi="0" ci="2" mb="0" cb="0"/><line nr="10" mi="0" ci="9" mb="0" cb="4"/><line nr="11" mi="0" ci="8" mb="0" cb="2"/><line nr="13" mi="0" ci="4" mb="0" cb="0"/><line nr="14" mi="0" ci="3" mb="0" cb="0"/><line nr="15" mi="0" ci="3" mb="0" cb="0"/><line nr="16" mi="0" ci="1" mb="0" cb="0"/><line nr="19" mi="0" ci="2" mb="0" cb="0"/><line nr="21" mi="0" ci="8" mb="0" cb="2"/><line nr="22" mi="0" ci="4" mb="0" cb="0"/><line nr="23" mi="0" ci="3" mb="0" cb="2"/><line nr="24" mi="0" ci="2" mb="0" cb="0"/><line nr="26" mi="0" ci="14" mb="0" cb="4"/><counter type="INSTRUCTION" missed="0" covered="63"/><counter type="BRANCH" missed="0" covered="14"/><counter type="LINE" missed="0" covered="13"/><counter type="COMPLEXITY" missed="0" covered="9"/><counter type="METHOD" missed="0" covered="2"/><counter type="CLASS" missed="0" covered="1"/></sourcefile><counter type="INSTRUCTION" missed="26" covered="330"/><counter type="BRANCH" missed="2" covered="44"/><counter type="LINE" missed="5" covered="70"/><counter type="COMPLEXITY" missed="4" covered="42"/><counter type="METHOD" missed="2" covered="21"/><counter type="CLASS" missed="0" covered="11"/></package><counter type="INSTRUCTION" missed="26" covered="330"/><counter type="BRANCH" missed="2" covered="44"/><counter type="LINE" missed="5" covered="70"/><counter type="COMPLEXITY" missed="4" covered="42"/><counter type="METHOD" missed="2" covered="21"/><counter type="CLASS" missed="0" covered="11"/></report>