GROUP,PACKAGE,CLASS,INSTRUCTION_MISSED,INSTRUCTION_COVERED,BRANCH_MISSED,BRANCH_COVERED,LINE_MISSED,LINE_COVERED,COMPLEXITY_MISSED,COMPLEXITY_COVERED,METHOD_MISSED,METHOD_COVERED
Mini-project Programming Project,es.upm.pproject.myproject,UniversityManager,127,33,17,1,28,9,15,2,6,2
Mini-project Programming Project,es.upm.pproject.myproject,Student,16,26,2,4,3,7,3,2,1,1
Mini-project Programming Project,es.upm.pproject.myproject,UniversityManager.new Comparator() {...},8,6,0,0,1,1,1,1,1,1
Mini-project Programming Project,es.upm.pproject.myproject,UniversityManager.new Comparator() {...},6,6,0,0,1,1,1,1,1,1
Mini-project Programming Project,es.upm.pproject.myproject,Course,13,28,3,3,3,8,4,1,1,1
